<?xml version="1.0" encoding="UTF-8"?>
<!-- Generated by org.testng.reporters.JUnitXMLReporter -->
<testsuite ignored="2" hostname="LAPTOP-TV2ANJ2T" failures="0" tests="1" name="Test Google" time="14.605" errors="0" timestamp="2023-08-07T12:30:11 IST">
  <testcase classname="com.extent.report.TestClass" name="TestGoogle" time="9.644"/>
  <testcase classname="com.extent.report.TestClass" name="TestOrangeHRM" time="0.0">
    <ignored/>
  </testcase> <!-- TestOrangeHRM -->
  <testcase classname="com.extent.report.TestClass" name="TestFacebook" time="0.0">
    <ignored/>
  </testcase> <!-- TestFacebook -->
</testsuite> <!-- Test Google -->
