<?xml version="1.0" encoding="UTF-8"?>
<testng-results ignored="0" total="1" passed="1" failed="0" skipped="0">
  <reporter-output>
  </reporter-output>
  <suite started-at="2023-08-07T12:59:56 IST" name="Default suite" finished-at="2023-08-07T12:59:59 IST" duration-ms="3131">
    <groups>
    </groups>
    <test started-at="2023-08-07T12:59:56 IST" name="Default test" finished-at="2023-08-07T12:59:59 IST" duration-ms="3131">
      <class name="com.extent.report.RawClass">
        <test-method signature="rawMethodForCapabilitiesBrowser()[pri:0, instance:com.extent.report.RawClass@4d5650ae]" started-at="2023-08-07T12:59:56 IST" name="rawMethodForCapabilitiesBrowser" finished-at="2023-08-07T12:59:59 IST" duration-ms="3095" status="PASS">
          <reporter-output>
          </reporter-output>
        </test-method> <!-- rawMethodForCapabilitiesBrowser -->
      </class> <!-- com.extent.report.RawClass -->
    </test> <!-- Default test -->
  </suite> <!-- Default suite -->
</testng-results>
